Using pre-set license
Built from '2021.3/staging' branch; Version is '2021.3.24f1 (cf10dcf7010d) revision 13570268'; Using compiler version '192829333'; Build Type 'Release'
OS: 'Windows 10  (10.0.19045) 64bit Core' Language: 'en' Physical Memory: 7030 MB
BatchMode: 1, IsHumanControllingUs: 0, StartBugReporterOnCrash: 0, Is64bit: 1, IsPro: 1

COMMAND LINE ARGUMENTS:
C:\Program Files\Unity\Hub\Editor\2021.3.24f1\Editor\Unity.exe
-adb2
-batchMode
-noUpm
-name
AssetImportWorker6
-projectPath
C:/Users/spack/Desktop/Personal/Games/FPS/Game/FPS Game
-logFile
Logs/AssetImportWorker6.log
-srvPort
55622
Successfully changed project path to: C:/Users/spack/Desktop/Personal/Games/FPS/Game/FPS Game
C:/Users/spack/Desktop/Personal/Games/FPS/Game/FPS Game
[UnityMemory] Configuration Parameters - Can be set up in boot.config
    "memorysetup-bucket-allocator-granularity=16"
    "memorysetup-bucket-allocator-bucket-count=8"
    "memorysetup-bucket-allocator-block-size=33554432"
    "memorysetup-bucket-allocator-block-count=8"
    "memorysetup-main-allocator-block-size=16777216"
    "memorysetup-thread-allocator-block-size=16777216"
    "memorysetup-gfx-main-allocator-block-size=16777216"
    "memorysetup-gfx-thread-allocator-block-size=16777216"
    "memorysetup-cache-allocator-block-size=4194304"
    "memorysetup-typetree-allocator-block-size=2097152"
    "memorysetup-profiler-bucket-allocator-granularity=16"
    "memorysetup-profiler-bucket-allocator-bucket-count=8"
    "memorysetup-profiler-bucket-allocator-block-size=33554432"
    "memorysetup-profiler-bucket-allocator-block-count=8"
    "memorysetup-profiler-allocator-block-size=16777216"
    "memorysetup-profiler-editor-allocator-block-size=1048576"
    "memorysetup-temp-allocator-size-main=16777216"
    "memorysetup-job-temp-allocator-block-size=2097152"
    "memorysetup-job-temp-allocator-block-size-background=1048576"
    "memorysetup-job-temp-allocator-reduction-small-platforms=262144"
    "memorysetup-temp-allocator-size-background-worker=32768"
    "memorysetup-temp-allocator-size-job-worker=262144"
    "memorysetup-temp-allocator-size-preload-manager=33554432"
    "memorysetup-temp-allocator-size-nav-mesh-worker=65536"
    "memorysetup-temp-allocator-size-audio-worker=65536"
    "memorysetup-temp-allocator-size-cloud-worker=32768"
    "memorysetup-temp-allocator-size-gi-baking-worker=262144"
    "memorysetup-temp-allocator-size-gfx=262144"
Player connection [7692] Host "[IP] 192.168.1.3 [Port] 0 [Flags] 2 [Guid] 520382427 [EditorId] 520382427 [Version] 1048832 [Id] WindowsEditor(7,LAPTOP-3NGHPV3D) [Debug] 1 [PackageName] WindowsEditor [ProjectName] Editor" joined multi-casting on [225.0.0.222:54997]...

Player connection [7692] Host "[IP] 192.168.1.3 [Port] 0 [Flags] 2 [Guid] 520382427 [EditorId] 520382427 [Version] 1048832 [Id] WindowsEditor(7,LAPTOP-3NGHPV3D) [Debug] 1 [PackageName] WindowsEditor [ProjectName] Editor" joined alternative multi-casting on [225.0.0.222:34997]...

Refreshing native plugins compatible for Editor in 59.01 ms, found 2 plugins.
Preloading 0 native plugins for Editor in 0.00 ms.
Initialize engine version: 2021.3.24f1 (cf10dcf7010d)
[Subsystems] Discovering subsystems at path C:/Program Files/Unity/Hub/Editor/2021.3.24f1/Editor/Data/Resources/UnitySubsystems
[Subsystems] Discovering subsystems at path C:/Users/spack/Desktop/Personal/Games/FPS/Game/FPS Game/Assets
GfxDevice: creating device client; threaded=0; jobified=0
Direct3D:
    Version:  Direct3D 11.0 [level 11.1]
    Renderer: AMD Radeon(TM) Graphics (ID=0x1636)
    Vendor:   ATI
    VRAM:     3515 MB
    Driver:   27.20.11028.10001
Initialize mono
Mono path[0] = 'C:/Program Files/Unity/Hub/Editor/2021.3.24f1/Editor/Data/Managed'
Mono path[1] = 'C:/Program Files/Unity/Hub/Editor/2021.3.24f1/Editor/Data/MonoBleedingEdge/lib/mono/unityjit-win32'
Mono config path = 'C:/Program Files/Unity/Hub/Editor/2021.3.24f1/Editor/Data/MonoBleedingEdge/etc'
Using monoOptions --debugger-agent=transport=dt_socket,embedding=1,server=y,suspend=n,address=127.0.0.1:56816
Begin MonoManager ReloadAssembly
Registering precompiled unity dll's ...
Register platform support module: C:/Program Files/Unity/Hub/Editor/2021.3.24f1/Editor/Data/PlaybackEngines/WebGLSupport/UnityEditor.WebGL.Extensions.dll
Register platform support module: C:/Program Files/Unity/Hub/Editor/2021.3.24f1/Editor/Data/PlaybackEngines/WindowsStandaloneSupport/UnityEditor.WindowsStandalone.Extensions.dll
Registered in 0.008783 seconds.
Native extension for WindowsStandalone target not found
Native extension for WebGL target not found
Refreshing native plugins compatible for Editor in 40.58 ms, found 2 plugins.
Preloading 0 native plugins for Editor in 0.00 ms.
Mono: successfully reloaded assembly
- Completed reload, in  0.921 seconds
Domain Reload Profiling:
	ReloadAssembly (921ms)
		BeginReloadAssembly (97ms)
			ExecutionOrderSort (0ms)
			DisableScriptedObjects (0ms)
			BackupInstance (0ms)
			ReleaseScriptingObjects (0ms)
			CreateAndSetChildDomain (1ms)
		EndReloadAssembly (705ms)
			LoadAssemblies (96ms)
			RebuildTransferFunctionScriptingTraits (0ms)
			SetupTypeCache (178ms)
			ReleaseScriptCaches (0ms)
			RebuildScriptCaches (149ms)
			SetupLoadedEditorAssemblies (274ms)
				LogAssemblyErrors (0ms)
				InitializePlatformSupportModulesInManaged (25ms)
				SetLoadedEditorAssemblies (0ms)
				RefreshPlugins (41ms)
				BeforeProcessingInitializeOnLoad (1ms)
				ProcessInitializeOnLoadAttributes (161ms)
				ProcessInitializeOnLoadMethodAttributes (46ms)
				AfterProcessingInitializeOnLoad (0ms)
				EditorAssembliesLoaded (0ms)
			ExecutionOrderSort2 (0ms)
			AwakeInstancesAfterBackupRestoration (0ms)
Platform modules already initialized, skipping
Registering precompiled user dll's ...
Registered in 0.011707 seconds.
Begin MonoManager ReloadAssembly
Native extension for WindowsStandalone target not found
Native extension for WebGL target not found
Refreshing native plugins compatible for Editor in 0.61 ms, found 2 plugins.
Preloading 0 native plugins for Editor in 0.00 ms.
Mono: successfully reloaded assembly
- Completed reload, in  1.104 seconds
Domain Reload Profiling:
	ReloadAssembly (1105ms)
		BeginReloadAssembly (129ms)
			ExecutionOrderSort (0ms)
			DisableScriptedObjects (5ms)
			BackupInstance (0ms)
			ReleaseScriptingObjects (0ms)
			CreateAndSetChildDomain (22ms)
		EndReloadAssembly (858ms)
			LoadAssemblies (118ms)
			RebuildTransferFunctionScriptingTraits (0ms)
			SetupTypeCache (187ms)
			ReleaseScriptCaches (0ms)
			RebuildScriptCaches (42ms)
			SetupLoadedEditorAssemblies (484ms)
				LogAssemblyErrors (0ms)
				InitializePlatformSupportModulesInManaged (8ms)
				SetLoadedEditorAssemblies (1ms)
				RefreshPlugins (1ms)
				BeforeProcessingInitializeOnLoad (62ms)
				ProcessInitializeOnLoadAttributes (383ms)
				ProcessInitializeOnLoadMethodAttributes (19ms)
				AfterProcessingInitializeOnLoad (10ms)
				EditorAssembliesLoaded (0ms)
			ExecutionOrderSort2 (0ms)
			AwakeInstancesAfterBackupRestoration (7ms)
Platform modules already initialized, skipping
========================================================================
Worker process is ready to serve import requests
Launched and connected shader compiler UnityShaderCompiler.exe after 0.06 seconds
Refreshing native plugins compatible for Editor in 0.58 ms, found 2 plugins.
Preloading 0 native plugins for Editor in 0.00 ms.
Unloading 1518 Unused Serialized files (Serialized files now loaded: 0)
Unloading 23 unused Assets / (151.6 KB). Loaded Objects now: 1995.
Memory consumption went from 149.4 MB to 149.3 MB.
Total: 3.543300 ms (FindLiveObjects: 0.191600 ms CreateObjectMapping: 0.039700 ms MarkObjects: 3.105800 ms  DeleteObjects: 0.204800 ms)

AssetImportParameters requested are different than current active one (requested -> active):
  custom:video-decoder-ogg-theora: a1e56fd34408186e4bbccfd4996cb3dc -> 
  custom:container-muxer-webm: aa71ff27fc2769a1b78a27578f13a17b -> 
  custom:container-demuxer-webm: 4f35f7cbe854078d1ac9338744f61a02 -> 
  custom:video-encoder-webm-vp8: eb34c28f22e8b96e1ab97ce403110664 -> 
  custom:video-codec-MediaFoundation-h265: 746d11721c4dcdbdad8f713fa42b33f4 -> 
  custom:audio-encoder-webm-vorbis: bf7c407c2cedff20999df2af8eb42d56 -> 
  custom:framework-win-MediaFoundation: 216162199b28c13a410421893ffa2e32 -> 
  custom:SearchIndexIgnoredProperties: e643bd26f0fe6173181afceb89e7c659 -> 
  custom:container-demuxer-ogg: 62fdf1f143b41e24485cea50d1cbac27 -> 
  custom:video-decoder-webm-vp8: 9c59270c3fd7afecdb556c50c9e8de78 -> 
  custom:audio-decoder-ogg-vorbis: bf7c407c2cedff20999df2af8eb42d56 -> 
========================================================================
Received Import Request.
  Time since last request: 8865.323256 seconds.
  path: Assets/Grenade Sound FX/Grenade/Grenade4Short.wav
  artifactKey: Guid(c2153dcd0edd22f40bdebf613271bae7) Importer(815301076,1909f56bfc062723c751e8b465ee728b)
Start importing Assets/Grenade Sound FX/Grenade/Grenade4Short.wav using Guid(c2153dcd0edd22f40bdebf613271bae7) Importer(815301076,1909f56bfc062723c751e8b465ee728b)  -> (artifact id: 'a7a062507312562a626e5967694beecf') in 0.156987 seconds 
========================================================================
Received Import Request.
  Time since last request: 6.680813 seconds.
  path: Assets/Grenades_Lowpoly/Grenade1/grenade_lowpoly.FBX
  artifactKey: Guid(5528b5a385dd26b45bbc7a0729da9522) Importer(815301076,1909f56bfc062723c751e8b465ee728b)
Start importing Assets/Grenades_Lowpoly/Grenade1/grenade_lowpoly.FBX using Guid(5528b5a385dd26b45bbc7a0729da9522) Importer(815301076,1909f56bfc062723c751e8b465ee728b)  -> (artifact id: '6cfa41c78d926d5976767c6077c70620') in 0.114579 seconds 
========================================================================
Received Import Request.
  Time since last request: 0.000031 seconds.
  path: Assets/POLYGON weapons/Assets_official/Grenade_prefab.prefab
  artifactKey: Guid(547e55d4eef9a2147b6cd04668dd68d9) Importer(815301076,1909f56bfc062723c751e8b465ee728b)
Start importing Assets/POLYGON weapons/Assets_official/Grenade_prefab.prefab using Guid(547e55d4eef9a2147b6cd04668dd68d9) Importer(815301076,1909f56bfc062723c751e8b465ee728b)  -> (artifact id: '65d805a369d9db0abdda10833b5154a1') in 0.043804 seconds 
========================================================================
Received Import Request.
  Time since last request: 0.246310 seconds.
  path: Assets/POLYGON weapons/Assets_official/FBXTexMat/POLYGON weapons pack/grenade_launcher/grenade_launcher_b.png
  artifactKey: Guid(a30423bb93c7f1c419ae19499e1a491c) Importer(815301076,1909f56bfc062723c751e8b465ee728b)
Start importing Assets/POLYGON weapons/Assets_official/FBXTexMat/POLYGON weapons pack/grenade_launcher/grenade_launcher_b.png using Guid(a30423bb93c7f1c419ae19499e1a491c) Importer(815301076,1909f56bfc062723c751e8b465ee728b)  -> (artifact id: 'a14a6d73461668434b710b0cba005576') in 0.055313 seconds 
========================================================================
Received Import Request.
  Time since last request: 0.000041 seconds.
  path: Assets/POLYGON weapons/Assets_official/FBXTexMat/POLYGON weapons pack/grenade_launcher/grenade_launcher_a.mat
  artifactKey: Guid(49ea386e17dd82c4dab4bf0ca1f9c40d) Importer(815301076,1909f56bfc062723c751e8b465ee728b)
Start importing Assets/POLYGON weapons/Assets_official/FBXTexMat/POLYGON weapons pack/grenade_launcher/grenade_launcher_a.mat using Guid(49ea386e17dd82c4dab4bf0ca1f9c40d) Importer(815301076,1909f56bfc062723c751e8b465ee728b)  -> (artifact id: 'e535b31d588b3bac13183fef96846c6b') in 0.073109 seconds 
========================================================================
Received Import Request.
  Time since last request: 1.696906 seconds.
  path: Assets/Grenades_Lowpoly/Grenades_lowpoly_demoscene.unity
  artifactKey: Guid(560ddb9edad87c24abb3ef66355e6834) Importer(815301076,1909f56bfc062723c751e8b465ee728b)
Start importing Assets/Grenades_Lowpoly/Grenades_lowpoly_demoscene.unity using Guid(560ddb9edad87c24abb3ef66355e6834) Importer(815301076,1909f56bfc062723c751e8b465ee728b)  -> (artifact id: '0e3d336ec7abdd6c22ce0e27c13a9d2c') in 0.015507 seconds 
========================================================================
Received Import Request.
  Time since last request: 0.000020 seconds.
  path: Assets/POLYGON weapons/Assets_official/FBXTexMat/POLYGON weapons pack/grenade_launcher/grenade_launcher_40mm_grenade.fbx
  artifactKey: Guid(bcec7dab45b0f1c4dbd7486299a483a3) Importer(815301076,1909f56bfc062723c751e8b465ee728b)
Start importing Assets/POLYGON weapons/Assets_official/FBXTexMat/POLYGON weapons pack/grenade_launcher/grenade_launcher_40mm_grenade.fbx using Guid(bcec7dab45b0f1c4dbd7486299a483a3) Importer(815301076,1909f56bfc062723c751e8b465ee728b)  -> (artifact id: 'c52d41aa68c31e36ea269f7df5fda1fe') in 0.040729 seconds 
========================================================================
Received Import Request.
  Time since last request: 0.334448 seconds.
  path: Assets/POLYGON weapons/Assets_official/grenade_launcher_40mm_grenade_prefab.prefab
  artifactKey: Guid(40404b2776d11c74da55c28a643fff27) Importer(815301076,1909f56bfc062723c751e8b465ee728b)
Start importing Assets/POLYGON weapons/Assets_official/grenade_launcher_40mm_grenade_prefab.prefab using Guid(40404b2776d11c74da55c28a643fff27) Importer(815301076,1909f56bfc062723c751e8b465ee728b)  -> (artifact id: '116e2e06427119755bacb760551c843b') in 0.028319 seconds 
========================================================================
Received Import Request.
  Time since last request: 0.517471 seconds.
  path: Assets/Grenades_Lowpoly/Grenade2/textures/grenade2_lowpoly_grenade2_lowpoly_MetallicSmoothness.png
  artifactKey: Guid(1523bbc507899034c8ab7faa2bfae14c) Importer(815301076,1909f56bfc062723c751e8b465ee728b)
Start importing Assets/Grenades_Lowpoly/Grenade2/textures/grenade2_lowpoly_grenade2_lowpoly_MetallicSmoothness.png using Guid(1523bbc507899034c8ab7faa2bfae14c) Importer(815301076,1909f56bfc062723c751e8b465ee728b)  -> (artifact id: '5ec4c1aa60fb14cfc94c0bd3f62b9def') in 0.031077 seconds 
Editor requested this worker to shutdown with reason: Scaling down because of idle timeout
AssetImportWorker is now disconnected from the server
Process exiting
Exiting without the bug reporter. Application will terminate with return code 0